2024-06-17 21:40:37,918 - DEBUG - /etc/timezone found, contents:
 Etc/UTC

2024-06-17 21:40:37,919 - DEBUG - /etc/localtime found
2024-06-17 21:40:37,920 - DEBUG - 2 found:
 {'/etc/timezone': 'Etc/UTC', '/etc/localtime is a symlink to': 'Etc/UTC'}
2024-06-17 21:40:38,401 - DEBUG - Starting new HTTPS connection (1): disma.allparts.tech:443
2024-06-17 21:40:38,812 - DEBUG - https://disma.allparts.tech:443 "GET /feeds/custom/XXGt4ekG2Jpib4v3u8y63a HTTP/1.1" 200 601153
2024-06-17 21:40:39,610 - DEBUG - Starting new HTTPS connection (1): baz-on.ru:443
2024-06-17 21:40:40,135 - DEBUG - https://baz-on.ru:443 "GET /export/c2933/17834/autoschrott-drom.csv HTTP/1.1" 200 None
2024-06-17 21:40:40,377 - DEBUG - Using selector: EpollSelector
2024-06-17 21:40:40,379 - INFO - Scheduler started
2024-06-17 21:40:40,380 - INFO - Added job "main_func" to job store "default"
2024-06-17 21:40:40,381 - DEBUG - Looking for jobs to run
2024-06-17 21:40:40,381 - DEBUG - Next wakeup is due at 2024-06-17 22:40:40.380194+00:00 (in 3599.998900 seconds)
2024-06-17 21:40:40,381 - DEBUG - Looking for jobs to run
2024-06-17 21:40:40,381 - DEBUG - Next wakeup is due at 2024-06-17 22:40:40.380194+00:00 (in 3599.998482 seconds)
2024-06-17 21:40:40,382 - DEBUG - Make request: "getMe" with data: "{}" and files "None"
2024-06-17 21:40:40,791 - DEBUG - Response for getMe: [200] "'{"ok":true,"result":{"id":7231108478,"is_bot":true,"first_name":"\\u0410\\u0411\\u043e\\u0442\\u0430 - \\u043d\\u0435\\u0439\\u0440\\u043e\\u0441\\u043e\\u0442\\u0440\\u0443\\u0434\\u043d\\u0438\\u0446\\u0430 \\u0410\\u041c\\u043e\\u0442\\u043e\\u0440\\u0441","username":"AMotorsDNR_bot","can_join_groups":true,"can_read_all_group_messages":false,"supports_inline_queries":false,"can_connect_to_business":false}}'"
2024-06-17 21:40:40,792 - INFO - Bot: АБота - нейросотрудница АМоторс [@AMotorsDNR_bot]
2024-06-17 21:40:40,793 - INFO - Start polling.
2024-06-17 21:40:40,793 - DEBUG - Make request: "getWebhookInfo" with data: "{}" and files "None"
2024-06-17 21:40:40,908 - DEBUG - Response for getWebhookInfo: [200] "'{"ok":true,"result":{"url":"","has_custom_certificate":false,"pending_update_count":0}}'"
2024-06-17 21:40:40,909 - DEBUG - Make request: "getUpdates" with data: "{'timeout': 20}" and files "None"
2024-06-17 21:41:01,202 - DEBUG - Response for getUpdates: [200] "'{"ok":true,"result":[]}'"
2024-06-17 21:41:01,315 - DEBUG - Make request: "getUpdates" with data: "{'timeout': 20}" and files "None"
2024-06-17 21:41:21,631 - DEBUG - Response for getUpdates: [200] "'{"ok":true,"result":[]}'"
2024-06-17 21:41:21,751 - DEBUG - Make request: "getUpdates" with data: "{'timeout': 20}" and files "None"
2024-06-17 21:41:41,896 - DEBUG - Response for getUpdates: [200] "'{"ok":true,"result":[]}'"
2024-06-17 21:41:42,003 - DEBUG - Make request: "getUpdates" with data: "{'timeout': 20}" and files "None"
2024-06-17 21:42:02,175 - DEBUG - Response for getUpdates: [200] "'{"ok":true,"result":[]}'"
2024-06-17 21:42:02,283 - DEBUG - Make request: "getUpdates" with data: "{'timeout': 20}" and files "None"
2024-06-17 21:42:22,567 - DEBUG - Response for getUpdates: [200] "'{"ok":true,"result":[]}'"
2024-06-17 21:42:22,688 - DEBUG - Make request: "getUpdates" with data: "{'timeout': 20}" and files "None"
2024-06-17 21:42:42,927 - DEBUG - Response for getUpdates: [200] "'{"ok":true,"result":[]}'"
2024-06-17 21:42:43,046 - DEBUG - Make request: "getUpdates" with data: "{'timeout': 20}" and files "None"
2024-06-17 21:49:29,501 - DEBUG - Response for getUpdates: [200] "'{"ok":true,"result":[]}'"
2024-06-17 21:49:29,623 - DEBUG - Make request: "getUpdates" with data: "{'timeout': 20}" and files "None"
2024-06-17 21:49:29,739 - DEBUG - Response for getUpdates: [200] "'{"ok":true,"result":[{"update_id":720109969,\n"message":{"message_id":1328,"from":{"id":225529144,"is_bot":false,"first_name":"I","username":"igor_just_igor","language_code":"ru","is_premium":true},"chat":{"id":225529144,"first_name":"I","username":"igor_just_igor","type":"private"},"date":1718660957,"text":"/admin","entities":[{"offset":0,"length":6,"type":"bot_command"}]}}]}'"
2024-06-17 21:49:29,756 - DEBUG - Received 1 updates.
2024-06-17 21:49:29,784 - DEBUG - Make request: "sendMessage" with data: "{'chat_id': 225529144, 'text': 'Выберите действие', 'reply_markup': '{"keyboard": [[{"text": "Добавить ответственного"}], [{"text": "Добавить склад"}], [{"text": "Посмотреть все склады"}, {"text": "Посмотреть всех ответственных"}]], "resize_keyboard": true, "one_time_keyboard": false}'}" and files "None"
2024-06-17 21:49:29,865 - DEBUG - Make request: "getUpdates" with data: "{'offset': 720109970, 'timeout': 20}" and files "None"
2024-06-17 21:49:29,937 - DEBUG - Response for sendMessage: [200] "'{"ok":true,"result":{"message_id":1329,"from":{"id":7231108478,"is_bot":true,"first_name":"\\u0410\\u0411\\u043e\\u0442\\u0430 - \\u043d\\u0435\\u0439\\u0440\\u043e\\u0441\\u043e\\u0442\\u0440\\u0443\\u0434\\u043d\\u0438\\u0446\\u0430 \\u0410\\u041c\\u043e\\u0442\\u043e\\u0440\\u0441","username":"AMotorsDNR_bot"},"chat":{"id":225529144,"first_name":"I","username":"igor_just_igor","type":"private"},"date":1718660969,"text":"\\u0412\\u044b\\u0431\\u0435\\u0440\\u0438\\u0442\\u0435 \\u0434\\u0435\\u0439\\u0441\\u0442\\u0432\\u0438\\u0435"}}'"
